CRITICAL - 2022-08-27 11:22:01 --> Undefined property: CodeIgniter\Database\MySQLi\Result::$result
in APPPATH\Controllers\Ips.php on line 34.
 1 APPPATH\Controllers\Ips.php(34): CodeIgniter\Debug\Exceptions->errorHandler(8, 'Undefined property: CodeIgniter\\Database\\MySQLi\\Result::$result', 'APPPATH\\Controllers\\Ips.php', 34, [...])
 2 APPPATH\Controllers\Ips.php(25): App\Controllers\Ips->getAllIpWithJoin()
 3 APPPATH\Controllers\Ips.php(18): App\Controllers\Ips->getAllIp()
 4 SYSTEMPATH\CodeIgniter.php(904): App\Controllers\Ips->index()
 5 SYSTEMPATH\CodeIgniter.php(457): CodeIgniter\CodeIgniter->runController(Object(App\Controllers\Ips))
 6 SYSTEMPATH\CodeIgniter.php(340): CodeIgniter\CodeIgniter->handleRequest(null, Object(Config\Cache), false)
 7 FCPATH\index.php(67): CodeIgniter\CodeIgniter->run()
 8 SYSTEMPATH\Commands\Server\rewrite.php(43): require_once('FCPATH\\index.php')
CRITICAL - 2022-08-27 11:23:35 --> Call to undefined method CodeIgniter\Database\MySQLi\Result::result()
in APPPATH\Controllers\Ips.php on line 34.
 1 APPPATH\Controllers\Ips.php(25): App\Controllers\Ips->getAllIpWithJoin()
 2 APPPATH\Controllers\Ips.php(18): App\Controllers\Ips->getAllIp()
 3 SYSTEMPATH\CodeIgniter.php(904): App\Controllers\Ips->index()
 4 SYSTEMPATH\CodeIgniter.php(457): CodeIgniter\CodeIgniter->runController(Object(App\Controllers\Ips))
 5 SYSTEMPATH\CodeIgniter.php(340): CodeIgniter\CodeIgniter->handleRequest(null, Object(Config\Cache), false)
 6 FCPATH\index.php(67): CodeIgniter\CodeIgniter->run()
 7 SYSTEMPATH\Commands\Server\rewrite.php(43): require_once('FCPATH\\index.php')
CRITICAL - 2022-08-27 11:23:47 --> Call to undefined method CodeIgniter\Database\MySQLi\Result::resultArray()
in APPPATH\Controllers\Ips.php on line 34.
 1 APPPATH\Controllers\Ips.php(25): App\Controllers\Ips->getAllIpWithJoin()
 2 APPPATH\Controllers\Ips.php(18): App\Controllers\Ips->getAllIp()
 3 SYSTEMPATH\CodeIgniter.php(904): App\Controllers\Ips->index()
 4 SYSTEMPATH\CodeIgniter.php(457): CodeIgniter\CodeIgniter->runController(Object(App\Controllers\Ips))
 5 SYSTEMPATH\CodeIgniter.php(340): CodeIgniter\CodeIgniter->handleRequest(null, Object(Config\Cache), false)
 6 FCPATH\index.php(67): CodeIgniter\CodeIgniter->run()
 7 SYSTEMPATH\Commands\Server\rewrite.php(43): require_once('FCPATH\\index.php')
CRITICAL - 2022-08-27 11:23:48 --> Call to undefined method CodeIgniter\Database\MySQLi\Result::resultArray()
in APPPATH\Controllers\Ips.php on line 34.
 1 APPPATH\Controllers\Ips.php(25): App\Controllers\Ips->getAllIpWithJoin()
 2 APPPATH\Controllers\Ips.php(18): App\Controllers\Ips->getAllIp()
 3 SYSTEMPATH\CodeIgniter.php(904): App\Controllers\Ips->index()
 4 SYSTEMPATH\CodeIgniter.php(457): CodeIgniter\CodeIgniter->runController(Object(App\Controllers\Ips))
 5 SYSTEMPATH\CodeIgniter.php(340): CodeIgniter\CodeIgniter->handleRequest(null, Object(Config\Cache), false)
 6 FCPATH\index.php(67): CodeIgniter\CodeIgniter->run()
 7 SYSTEMPATH\Commands\Server\rewrite.php(43): require_once('FCPATH\\index.php')
CRITICAL - 2022-08-27 11:26:13 --> Undefined variable: db
in APPPATH\Controllers\Ips.php on line 33.
 1 APPPATH\Controllers\Ips.php(33): CodeIgniter\Debug\Exceptions->errorHandler(8, 'Undefined variable: db', 'APPPATH\\Controllers\\Ips.php', 33, [])
 2 APPPATH\Controllers\Ips.php(26): App\Controllers\Ips->getAllIpWithJoin()
 3 APPPATH\Controllers\Ips.php(18): App\Controllers\Ips->getAllIp()
 4 SYSTEMPATH\CodeIgniter.php(904): App\Controllers\Ips->index()
 5 SYSTEMPATH\CodeIgniter.php(457): CodeIgniter\CodeIgniter->runController(Object(App\Controllers\Ips))
 6 SYSTEMPATH\CodeIgniter.php(340): CodeIgniter\CodeIgniter->handleRequest(null, Object(Config\Cache), false)
 7 FCPATH\index.php(67): CodeIgniter\CodeIgniter->run()
 8 SYSTEMPATH\Commands\Server\rewrite.php(43): require_once('FCPATH\\index.php')
CRITICAL - 2022-08-27 11:45:47 --> Call to a member function get() on string
in APPPATH\Controllers\Ips.php on line 43.
 1 APPPATH\Controllers\Ips.php(26): App\Controllers\Ips->getAllIpWithJoin()
 2 APPPATH\Controllers\Ips.php(18): App\Controllers\Ips->getAllIp()
 3 SYSTEMPATH\CodeIgniter.php(904): App\Controllers\Ips->index()
 4 SYSTEMPATH\CodeIgniter.php(457): CodeIgniter\CodeIgniter->runController(Object(App\Controllers\Ips))
 5 SYSTEMPATH\CodeIgniter.php(340): CodeIgniter\CodeIgniter->handleRequest(null, Object(Config\Cache), false)
 6 FCPATH\index.php(67): CodeIgniter\CodeIgniter->run()
 7 SYSTEMPATH\Commands\Server\rewrite.php(43): require_once('FCPATH\\index.php')
CRITICAL - 2022-08-27 11:45:58 --> Call to a member function get() on string
in APPPATH\Controllers\Ips.php on line 43.
 1 APPPATH\Controllers\Ips.php(26): App\Controllers\Ips->getAllIpWithJoin()
 2 APPPATH\Controllers\Ips.php(18): App\Controllers\Ips->getAllIp()
 3 SYSTEMPATH\CodeIgniter.php(904): App\Controllers\Ips->index()
 4 SYSTEMPATH\CodeIgniter.php(457): CodeIgniter\CodeIgniter->runController(Object(App\Controllers\Ips))
 5 SYSTEMPATH\CodeIgniter.php(340): CodeIgniter\CodeIgniter->handleRequest(null, Object(Config\Cache), false)
 6 FCPATH\index.php(67): CodeIgniter\CodeIgniter->run()
 7 SYSTEMPATH\Commands\Server\rewrite.php(43): require_once('FCPATH\\index.php')
CRITICAL - 2022-08-27 11:46:04 --> Call to a member function get() on string
in APPPATH\Controllers\Ips.php on line 43.
 1 APPPATH\Controllers\Ips.php(26): App\Controllers\Ips->getAllIpWithJoin()
 2 APPPATH\Controllers\Ips.php(18): App\Controllers\Ips->getAllIp()
 3 SYSTEMPATH\CodeIgniter.php(904): App\Controllers\Ips->index()
 4 SYSTEMPATH\CodeIgniter.php(457): CodeIgniter\CodeIgniter->runController(Object(App\Controllers\Ips))
 5 SYSTEMPATH\CodeIgniter.php(340): CodeIgniter\CodeIgniter->handleRequest(null, Object(Config\Cache), false)
 6 FCPATH\index.php(67): CodeIgniter\CodeIgniter->run()
 7 SYSTEMPATH\Commands\Server\rewrite.php(43): require_once('FCPATH\\index.php')
CRITICAL - 2022-08-27 11:47:06 --> Undefined variable: db
in APPPATH\Controllers\Ips.php on line 38.
 1 APPPATH\Controllers\Ips.php(38): CodeIgniter\Debug\Exceptions->errorHandler(8, 'Undefined variable: db', 'APPPATH\\Controllers\\Ips.php', 38, [])
 2 APPPATH\Controllers\Ips.php(26): App\Controllers\Ips->getAllIpWithJoin()
 3 APPPATH\Controllers\Ips.php(18): App\Controllers\Ips->getAllIp()
 4 SYSTEMPATH\CodeIgniter.php(904): App\Controllers\Ips->index()
 5 SYSTEMPATH\CodeIgniter.php(457): CodeIgniter\CodeIgniter->runController(Object(App\Controllers\Ips))
 6 SYSTEMPATH\CodeIgniter.php(340): CodeIgniter\CodeIgniter->handleRequest(null, Object(Config\Cache), false)
 7 FCPATH\index.php(67): CodeIgniter\CodeIgniter->run()
 8 SYSTEMPATH\Commands\Server\rewrite.php(43): require_once('FCPATH\\index.php')
CRITICAL - 2022-08-27 11:47:29 --> Undefined variable: db
in APPPATH\Controllers\Ips.php on line 38.
 1 APPPATH\Controllers\Ips.php(38): CodeIgniter\Debug\Exceptions->errorHandler(8, 'Undefined variable: db', 'APPPATH\\Controllers\\Ips.php', 38, [])
 2 APPPATH\Controllers\Ips.php(26): App\Controllers\Ips->getAllIpWithJoin()
 3 APPPATH\Controllers\Ips.php(18): App\Controllers\Ips->getAllIp()
 4 SYSTEMPATH\CodeIgniter.php(904): App\Controllers\Ips->index()
 5 SYSTEMPATH\CodeIgniter.php(457): CodeIgniter\CodeIgniter->runController(Object(App\Controllers\Ips))
 6 SYSTEMPATH\CodeIgniter.php(340): CodeIgniter\CodeIgniter->handleRequest(null, Object(Config\Cache), false)
 7 FCPATH\index.php(67): CodeIgniter\CodeIgniter->run()
 8 SYSTEMPATH\Commands\Server\rewrite.php(43): require_once('FCPATH\\index.php')
CRITICAL - 2022-08-27 12:36:36 --> Undefined property: stdClass::$pais
in APPPATH\Views\ip\ListIp.php on line 30.
 1 APPPATH\Views\ip\ListIp.php(30): CodeIgniter\Debug\Exceptions->errorHandler(8, 'Undefined property: stdClass::$pais', 'APPPATH\\Views\\ip\\ListIp.php', 30, [...])
 2 SYSTEMPATH\View\View.php(213): include('APPPATH\\Views\\ip\\ListIp.php')
 3 SYSTEMPATH\View\View.php(216): CodeIgniter\View\View->CodeIgniter\View\{closure}()
 4 SYSTEMPATH\Common.php(1137): CodeIgniter\View\View->render('ip/ListIp', [], true)
 5 APPPATH\Controllers\Ips.php(18): view('ip/ListIp', [...])
 6 SYSTEMPATH\CodeIgniter.php(904): App\Controllers\Ips->index()
 7 SYSTEMPATH\CodeIgniter.php(457): CodeIgniter\CodeIgniter->runController(Object(App\Controllers\Ips))
 8 SYSTEMPATH\CodeIgniter.php(340): CodeIgniter\CodeIgniter->handleRequest(null, Object(Config\Cache), false)
 9 FCPATH\index.php(67): CodeIgniter\CodeIgniter->run()
10 SYSTEMPATH\Commands\Server\rewrite.php(43): require_once('FCPATH\\index.php')
