CRITICAL - 2022-08-26 12:08:44 --> Class 'App\Controllers\Ip' not found
in APPPATH\Controllers\Ips.php on line 13.
 1 SYSTEMPATH\CodeIgniter.php(866): App\Controllers\Ips->__construct()
 2 SYSTEMPATH\CodeIgniter.php(448): CodeIgniter\CodeIgniter->createController()
 3 SYSTEMPATH\CodeIgniter.php(340): CodeIgniter\CodeIgniter->handleRequest(null, Object(Config\Cache), false)
 4 FCPATH\index.php(67): CodeIgniter\CodeIgniter->run()
 5 SYSTEMPATH\Commands\Server\rewrite.php(43): require_once('FCPATH\\index.php')
CRITICAL - 2022-08-26 12:10:49 --> Undefined variable: ips
in APPPATH\Controllers\Ips.php on line 18.
 1 APPPATH\Controllers\Ips.php(18): CodeIgniter\Debug\Exceptions->errorHandler(8, 'Undefined variable: ips', 'APPPATH\\Controllers\\Ips.php', 18, [])
 2 SYSTEMPATH\CodeIgniter.php(904): App\Controllers\Ips->getAllIp()
 3 SYSTEMPATH\CodeIgniter.php(457): CodeIgniter\CodeIgniter->runController(Object(App\Controllers\Ips))
 4 SYSTEMPATH\CodeIgniter.php(340): CodeIgniter\CodeIgniter->handleRequest(null, Object(Config\Cache), false)
 5 FCPATH\index.php(67): CodeIgniter\CodeIgniter->run()
 6 SYSTEMPATH\Commands\Server\rewrite.php(43): require_once('FCPATH\\index.php')
CRITICAL - 2022-08-26 12:13:51 --> Undefined variable: db
in APPPATH\Models\Ip.php on line 15.
 1 APPPATH\Models\Ip.php(15): CodeIgniter\Debug\Exceptions->errorHandler(8, 'Undefined variable: db', 'APPPATH\\Models\\Ip.php', 15, [])
 2 APPPATH\Controllers\Ips.php(18): App\Models\Ip->getIp()
 3 SYSTEMPATH\CodeIgniter.php(904): App\Controllers\Ips->getAllIp()
 4 SYSTEMPATH\CodeIgniter.php(457): CodeIgniter\CodeIgniter->runController(Object(App\Controllers\Ips))
 5 SYSTEMPATH\CodeIgniter.php(340): CodeIgniter\CodeIgniter->handleRequest(null, Object(Config\Cache), false)
 6 FCPATH\index.php(67): CodeIgniter\CodeIgniter->run()
 7 SYSTEMPATH\Commands\Server\rewrite.php(43): require_once('FCPATH\\index.php')
ERROR - 2022-08-26 12:16:36 --> Error connecting to the database: mysqli_sql_exception: Access denied for user ''@'localhost' (using password: NO) in C:\xampp\htdocs\ip-project\system\Database\MySQLi\Connection.php:171
Stack trace:
#0 C:\xampp\htdocs\ip-project\system\Database\MySQLi\Connection.php(171): mysqli->real_connect('localhost', '', '', 'db_pattern_proj...', 3306, '', 0)
#1 C:\xampp\htdocs\ip-project\system\Database\BaseConnection.php(382): CodeIgniter\Database\MySQLi\Connection->connect(false)
#2 C:\xampp\htdocs\ip-project\system\Database\BaseConnection.php(588): CodeIgniter\Database\BaseConnection->initialize()
#3 C:\xampp\htdocs\ip-project\system\Database\BaseBuilder.php(1585): CodeIgniter\Database\BaseConnection->query('SELECT *\nFROM `...', Array, false)
#4 C:\xampp\htdocs\ip-project\system\Model.php(222): CodeIgniter\Database\BaseBuilder->get()
#5 C:\xampp\htdocs\ip-project\system\BaseModel.php(584): CodeIgniter\Model->doFindAll(0, 0)
#6 C:\xampp\htdocs\ip-project\app\Controllers\Ips.php(18): CodeIgniter\BaseModel->findAll()
#7 C:\xampp\htdocs\ip-project\system\CodeIgniter.php(904): App\Controllers\Ips->getAllIp()
#8 C:\xampp\htdocs\ip-project\system\CodeIgniter.php(457): CodeIgniter\CodeIgniter->runController(Object(App\Controllers\Ips))
#9 C:\xampp\htdocs\ip-project\system\CodeIgniter.php(340): CodeIgniter\CodeIgniter->handleRequest(NULL, Object(Config\Cache), false)
#10 C:\xampp\htdocs\ip-project\public\index.php(67): CodeIgniter\CodeIgniter->run()
#11 C:\xampp\htdocs\ip-project\system\Commands\Server\rewrite.php(43): require_once('C:\\xampp\\htdocs...')
#12 {main}

Next CodeIgniter\Database\Exceptions\DatabaseException: Access denied for user ''@'localhost' (using password: NO) in C:\xampp\htdocs\ip-project\system\Database\MySQLi\Connection.php:215
Stack trace:
#0 C:\xampp\htdocs\ip-project\system\Database\BaseConnection.php(382): CodeIgniter\Database\MySQLi\Connection->connect(false)
#1 C:\xampp\htdocs\ip-project\system\Database\BaseConnection.php(588): CodeIgniter\Database\BaseConnection->initialize()
#2 C:\xampp\htdocs\ip-project\system\Database\BaseBuilder.php(1585): CodeIgniter\Database\BaseConnection->query('SELECT *\nFROM `...', Array, false)
#3 C:\xampp\htdocs\ip-project\system\Model.php(222): CodeIgniter\Database\BaseBuilder->get()
#4 C:\xampp\htdocs\ip-project\system\BaseModel.php(584): CodeIgniter\Model->doFindAll(0, 0)
#5 C:\xampp\htdocs\ip-project\app\Controllers\Ips.php(18): CodeIgniter\BaseModel->findAll()
#6 C:\xampp\htdocs\ip-project\system\CodeIgniter.php(904): App\Controllers\Ips->getAllIp()
#7 C:\xampp\htdocs\ip-project\system\CodeIgniter.php(457): CodeIgniter\CodeIgniter->runController(Object(App\Controllers\Ips))
#8 C:\xampp\htdocs\ip-project\system\CodeIgniter.php(340): CodeIgniter\CodeIgniter->handleRequest(NULL, Object(Config\Cache), false)
#9 C:\xampp\htdocs\ip-project\public\index.php(67): CodeIgniter\CodeIgniter->run()
#10 C:\xampp\htdocs\ip-project\system\Commands\Server\rewrite.php(43): require_once('C:\\xampp\\htdocs...')
#11 {main}
CRITICAL - 2022-08-26 12:16:36 --> Unable to connect to the database.
Main connection [MySQLi]: Access denied for user ''@'localhost' (using password: NO)
in SYSTEMPATH\Database\BaseConnection.php on line 418.
 1 SYSTEMPATH\Database\BaseConnection.php(588): CodeIgniter\Database\BaseConnection->initialize()
 2 SYSTEMPATH\Database\BaseBuilder.php(1585): CodeIgniter\Database\BaseConnection->query('SELECT *
FROM `Ip`', [], false)
 3 SYSTEMPATH\Model.php(222): CodeIgniter\Database\BaseBuilder->get()
 4 SYSTEMPATH\BaseModel.php(584): CodeIgniter\Model->doFindAll(0, 0)
 5 APPPATH\Controllers\Ips.php(18): CodeIgniter\BaseModel->findAll()
 6 SYSTEMPATH\CodeIgniter.php(904): App\Controllers\Ips->getAllIp()
 7 SYSTEMPATH\CodeIgniter.php(457): CodeIgniter\CodeIgniter->runController(Object(App\Controllers\Ips))
 8 SYSTEMPATH\CodeIgniter.php(340): CodeIgniter\CodeIgniter->handleRequest(null, Object(Config\Cache), false)
 9 FCPATH\index.php(67): CodeIgniter\CodeIgniter->run()
10 SYSTEMPATH\Commands\Server\rewrite.php(43): require_once('FCPATH\\index.php')
CRITICAL - 2022-08-26 12:16:36 --> Uncaught ErrorException: print_r(): Property access is not allowed yet in C:\xampp\htdocs\ip-project\app\Views\errors\html\error_exception.php:96
Stack trace:
#0 [internal function]: CodeIgniter\Debug\Exceptions->errorHandler(2, 'print_r(): Prop...', 'C:\\xampp\\htdocs...', 96, Array)
#1 C:\xampp\htdocs\ip-project\app\Views\errors\html\error_exception.php(96): print_r(Object(App\Controllers\Ips), true)
#2 C:\xampp\htdocs\ip-project\system\Debug\Exceptions.php(251): include('C:\\xampp\\htdocs...')
#3 C:\xampp\htdocs\ip-project\system\Debug\Exceptions.php(254): CodeIgniter\Debug\Exceptions->CodeIgniter\Debug\{closure}()
#4 C:\xampp\htdocs\ip-project\system\Debug\Exceptions.php(138): CodeIgniter\Debug\Exceptions->render(Object(CodeIgniter\Database\Exceptions\DatabaseException), 500)
#5 [internal function]: CodeIgniter\Debug\Exceptions->exceptionHandler(Object(CodeIgniter\Database\Exceptions\DatabaseException))
#6 {main}
  thrown
in APPPATH\Views\errors\html\error_exception.php on line 96.
 1 [internal function]: CodeIgniter\Debug\Exceptions->shutdownHandler()
ERROR - 2022-08-26 12:19:21 --> Error connecting to the database: mysqli_sql_exception: Access denied for user ''@'localhost' (using password: NO) in C:\xampp\htdocs\ip-project\system\Database\MySQLi\Connection.php:171
Stack trace:
#0 C:\xampp\htdocs\ip-project\system\Database\MySQLi\Connection.php(171): mysqli->real_connect('localhost', '', '', 'db_pattern_proj...', 3306, '', 0)
#1 C:\xampp\htdocs\ip-project\system\Database\BaseConnection.php(382): CodeIgniter\Database\MySQLi\Connection->connect(false)
#2 C:\xampp\htdocs\ip-project\system\Database\BaseConnection.php(588): CodeIgniter\Database\BaseConnection->initialize()
#3 C:\xampp\htdocs\ip-project\system\Database\BaseBuilder.php(1585): CodeIgniter\Database\BaseConnection->query('SELECT *\nFROM `...', Array, false)
#4 C:\xampp\htdocs\ip-project\system\Model.php(222): CodeIgniter\Database\BaseBuilder->get()
#5 C:\xampp\htdocs\ip-project\system\BaseModel.php(584): CodeIgniter\Model->doFindAll(0, 0)
#6 C:\xampp\htdocs\ip-project\app\Controllers\Ips.php(18): CodeIgniter\BaseModel->findAll()
#7 C:\xampp\htdocs\ip-project\system\CodeIgniter.php(904): App\Controllers\Ips->getAllIp()
#8 C:\xampp\htdocs\ip-project\system\CodeIgniter.php(457): CodeIgniter\CodeIgniter->runController(Object(App\Controllers\Ips))
#9 C:\xampp\htdocs\ip-project\system\CodeIgniter.php(340): CodeIgniter\CodeIgniter->handleRequest(NULL, Object(Config\Cache), false)
#10 C:\xampp\htdocs\ip-project\public\index.php(67): CodeIgniter\CodeIgniter->run()
#11 C:\xampp\htdocs\ip-project\system\Commands\Server\rewrite.php(43): require_once('C:\\xampp\\htdocs...')
#12 {main}

Next CodeIgniter\Database\Exceptions\DatabaseException: Access denied for user ''@'localhost' (using password: NO) in C:\xampp\htdocs\ip-project\system\Database\MySQLi\Connection.php:215
Stack trace:
#0 C:\xampp\htdocs\ip-project\system\Database\BaseConnection.php(382): CodeIgniter\Database\MySQLi\Connection->connect(false)
#1 C:\xampp\htdocs\ip-project\system\Database\BaseConnection.php(588): CodeIgniter\Database\BaseConnection->initialize()
#2 C:\xampp\htdocs\ip-project\system\Database\BaseBuilder.php(1585): CodeIgniter\Database\BaseConnection->query('SELECT *\nFROM `...', Array, false)
#3 C:\xampp\htdocs\ip-project\system\Model.php(222): CodeIgniter\Database\BaseBuilder->get()
#4 C:\xampp\htdocs\ip-project\system\BaseModel.php(584): CodeIgniter\Model->doFindAll(0, 0)
#5 C:\xampp\htdocs\ip-project\app\Controllers\Ips.php(18): CodeIgniter\BaseModel->findAll()
#6 C:\xampp\htdocs\ip-project\system\CodeIgniter.php(904): App\Controllers\Ips->getAllIp()
#7 C:\xampp\htdocs\ip-project\system\CodeIgniter.php(457): CodeIgniter\CodeIgniter->runController(Object(App\Controllers\Ips))
#8 C:\xampp\htdocs\ip-project\system\CodeIgniter.php(340): CodeIgniter\CodeIgniter->handleRequest(NULL, Object(Config\Cache), false)
#9 C:\xampp\htdocs\ip-project\public\index.php(67): CodeIgniter\CodeIgniter->run()
#10 C:\xampp\htdocs\ip-project\system\Commands\Server\rewrite.php(43): require_once('C:\\xampp\\htdocs...')
#11 {main}
CRITICAL - 2022-08-26 12:19:21 --> Unable to connect to the database.
Main connection [MySQLi]: Access denied for user ''@'localhost' (using password: NO)
in SYSTEMPATH\Database\BaseConnection.php on line 418.
 1 SYSTEMPATH\Database\BaseConnection.php(588): CodeIgniter\Database\BaseConnection->initialize()
 2 SYSTEMPATH\Database\BaseBuilder.php(1585): CodeIgniter\Database\BaseConnection->query('SELECT *
FROM `Ip`', [], false)
 3 SYSTEMPATH\Model.php(222): CodeIgniter\Database\BaseBuilder->get()
 4 SYSTEMPATH\BaseModel.php(584): CodeIgniter\Model->doFindAll(0, 0)
 5 APPPATH\Controllers\Ips.php(18): CodeIgniter\BaseModel->findAll()
 6 SYSTEMPATH\CodeIgniter.php(904): App\Controllers\Ips->getAllIp()
 7 SYSTEMPATH\CodeIgniter.php(457): CodeIgniter\CodeIgniter->runController(Object(App\Controllers\Ips))
 8 SYSTEMPATH\CodeIgniter.php(340): CodeIgniter\CodeIgniter->handleRequest(null, Object(Config\Cache), false)
 9 FCPATH\index.php(67): CodeIgniter\CodeIgniter->run()
10 SYSTEMPATH\Commands\Server\rewrite.php(43): require_once('FCPATH\\index.php')
CRITICAL - 2022-08-26 12:19:21 --> Uncaught ErrorException: print_r(): Property access is not allowed yet in C:\xampp\htdocs\ip-project\app\Views\errors\html\error_exception.php:96
Stack trace:
#0 [internal function]: CodeIgniter\Debug\Exceptions->errorHandler(2, 'print_r(): Prop...', 'C:\\xampp\\htdocs...', 96, Array)
#1 C:\xampp\htdocs\ip-project\app\Views\errors\html\error_exception.php(96): print_r(Object(App\Controllers\Ips), true)
#2 C:\xampp\htdocs\ip-project\system\Debug\Exceptions.php(251): include('C:\\xampp\\htdocs...')
#3 C:\xampp\htdocs\ip-project\system\Debug\Exceptions.php(254): CodeIgniter\Debug\Exceptions->CodeIgniter\Debug\{closure}()
#4 C:\xampp\htdocs\ip-project\system\Debug\Exceptions.php(138): CodeIgniter\Debug\Exceptions->render(Object(CodeIgniter\Database\Exceptions\DatabaseException), 500)
#5 [internal function]: CodeIgniter\Debug\Exceptions->exceptionHandler(Object(CodeIgniter\Database\Exceptions\DatabaseException))
#6 {main}
  thrown
in APPPATH\Views\errors\html\error_exception.php on line 96.
 1 [internal function]: CodeIgniter\Debug\Exceptions->shutdownHandler()
CRITICAL - 2022-08-26 12:26:59 --> Class 'App\Controllers\Ip' not found
in APPPATH\Controllers\Ips.php on line 13.
 1 SYSTEMPATH\CodeIgniter.php(866): App\Controllers\Ips->__construct()
 2 SYSTEMPATH\CodeIgniter.php(448): CodeIgniter\CodeIgniter->createController()
 3 SYSTEMPATH\CodeIgniter.php(340): CodeIgniter\CodeIgniter->handleRequest(null, Object(Config\Cache), false)
 4 FCPATH\index.php(67): CodeIgniter\CodeIgniter->run()
 5 SYSTEMPATH\Commands\Server\rewrite.php(43): require_once('FCPATH\\index.php')
CRITICAL - 2022-08-26 12:28:43 --> Undefined variable: ips
in APPPATH\Controllers\Ips.php on line 18.
 1 APPPATH\Controllers\Ips.php(18): CodeIgniter\Debug\Exceptions->errorHandler(8, 'Undefined variable: ips', 'APPPATH\\Controllers\\Ips.php', 18, [])
 2 SYSTEMPATH\CodeIgniter.php(904): App\Controllers\Ips->getAllIp()
 3 SYSTEMPATH\CodeIgniter.php(457): CodeIgniter\CodeIgniter->runController(Object(App\Controllers\Ips))
 4 SYSTEMPATH\CodeIgniter.php(340): CodeIgniter\CodeIgniter->handleRequest(null, Object(Config\Cache), false)
 5 FCPATH\index.php(67): CodeIgniter\CodeIgniter->run()
 6 SYSTEMPATH\Commands\Server\rewrite.php(43): require_once('FCPATH\\index.php')
ERROR - 2022-08-26 12:28:54 --> Error connecting to the database: mysqli_sql_exception: Access denied for user ''@'localhost' (using password: NO) in C:\xampp\htdocs\ip-project\system\Database\MySQLi\Connection.php:171
Stack trace:
#0 C:\xampp\htdocs\ip-project\system\Database\MySQLi\Connection.php(171): mysqli->real_connect('localhost', '', '', 'db_pattern_proj...', 3306, '', 0)
#1 C:\xampp\htdocs\ip-project\system\Database\BaseConnection.php(382): CodeIgniter\Database\MySQLi\Connection->connect(false)
#2 C:\xampp\htdocs\ip-project\system\Database\BaseConnection.php(588): CodeIgniter\Database\BaseConnection->initialize()
#3 C:\xampp\htdocs\ip-project\system\Database\BaseBuilder.php(1585): CodeIgniter\Database\BaseConnection->query('SELECT *\nFROM `...', Array, false)
#4 C:\xampp\htdocs\ip-project\system\Model.php(222): CodeIgniter\Database\BaseBuilder->get()
#5 C:\xampp\htdocs\ip-project\system\BaseModel.php(584): CodeIgniter\Model->doFindAll(0, 0)
#6 C:\xampp\htdocs\ip-project\app\Controllers\Ips.php(18): CodeIgniter\BaseModel->findAll()
#7 C:\xampp\htdocs\ip-project\system\CodeIgniter.php(904): App\Controllers\Ips->getAllIp()
#8 C:\xampp\htdocs\ip-project\system\CodeIgniter.php(457): CodeIgniter\CodeIgniter->runController(Object(App\Controllers\Ips))
#9 C:\xampp\htdocs\ip-project\system\CodeIgniter.php(340): CodeIgniter\CodeIgniter->handleRequest(NULL, Object(Config\Cache), false)
#10 C:\xampp\htdocs\ip-project\public\index.php(67): CodeIgniter\CodeIgniter->run()
#11 C:\xampp\htdocs\ip-project\system\Commands\Server\rewrite.php(43): require_once('C:\\xampp\\htdocs...')
#12 {main}

Next CodeIgniter\Database\Exceptions\DatabaseException: Access denied for user ''@'localhost' (using password: NO) in C:\xampp\htdocs\ip-project\system\Database\MySQLi\Connection.php:215
Stack trace:
#0 C:\xampp\htdocs\ip-project\system\Database\BaseConnection.php(382): CodeIgniter\Database\MySQLi\Connection->connect(false)
#1 C:\xampp\htdocs\ip-project\system\Database\BaseConnection.php(588): CodeIgniter\Database\BaseConnection->initialize()
#2 C:\xampp\htdocs\ip-project\system\Database\BaseBuilder.php(1585): CodeIgniter\Database\BaseConnection->query('SELECT *\nFROM `...', Array, false)
#3 C:\xampp\htdocs\ip-project\system\Model.php(222): CodeIgniter\Database\BaseBuilder->get()
#4 C:\xampp\htdocs\ip-project\system\BaseModel.php(584): CodeIgniter\Model->doFindAll(0, 0)
#5 C:\xampp\htdocs\ip-project\app\Controllers\Ips.php(18): CodeIgniter\BaseModel->findAll()
#6 C:\xampp\htdocs\ip-project\system\CodeIgniter.php(904): App\Controllers\Ips->getAllIp()
#7 C:\xampp\htdocs\ip-project\system\CodeIgniter.php(457): CodeIgniter\CodeIgniter->runController(Object(App\Controllers\Ips))
#8 C:\xampp\htdocs\ip-project\system\CodeIgniter.php(340): CodeIgniter\CodeIgniter->handleRequest(NULL, Object(Config\Cache), false)
#9 C:\xampp\htdocs\ip-project\public\index.php(67): CodeIgniter\CodeIgniter->run()
#10 C:\xampp\htdocs\ip-project\system\Commands\Server\rewrite.php(43): require_once('C:\\xampp\\htdocs...')
#11 {main}
CRITICAL - 2022-08-26 12:28:54 --> Unable to connect to the database.
Main connection [MySQLi]: Access denied for user ''@'localhost' (using password: NO)
in SYSTEMPATH\Database\BaseConnection.php on line 418.
 1 SYSTEMPATH\Database\BaseConnection.php(588): CodeIgniter\Database\BaseConnection->initialize()
 2 SYSTEMPATH\Database\BaseBuilder.php(1585): CodeIgniter\Database\BaseConnection->query('SELECT *
FROM `Ip`', [], false)
 3 SYSTEMPATH\Model.php(222): CodeIgniter\Database\BaseBuilder->get()
 4 SYSTEMPATH\BaseModel.php(584): CodeIgniter\Model->doFindAll(0, 0)
 5 APPPATH\Controllers\Ips.php(18): CodeIgniter\BaseModel->findAll()
 6 SYSTEMPATH\CodeIgniter.php(904): App\Controllers\Ips->getAllIp()
 7 SYSTEMPATH\CodeIgniter.php(457): CodeIgniter\CodeIgniter->runController(Object(App\Controllers\Ips))
 8 SYSTEMPATH\CodeIgniter.php(340): CodeIgniter\CodeIgniter->handleRequest(null, Object(Config\Cache), false)
 9 FCPATH\index.php(67): CodeIgniter\CodeIgniter->run()
10 SYSTEMPATH\Commands\Server\rewrite.php(43): require_once('FCPATH\\index.php')
CRITICAL - 2022-08-26 12:28:54 --> Uncaught ErrorException: print_r(): Property access is not allowed yet in C:\xampp\htdocs\ip-project\app\Views\errors\html\error_exception.php:96
Stack trace:
#0 [internal function]: CodeIgniter\Debug\Exceptions->errorHandler(2, 'print_r(): Prop...', 'C:\\xampp\\htdocs...', 96, Array)
#1 C:\xampp\htdocs\ip-project\app\Views\errors\html\error_exception.php(96): print_r(Object(App\Controllers\Ips), true)
#2 C:\xampp\htdocs\ip-project\system\Debug\Exceptions.php(251): include('C:\\xampp\\htdocs...')
#3 C:\xampp\htdocs\ip-project\system\Debug\Exceptions.php(254): CodeIgniter\Debug\Exceptions->CodeIgniter\Debug\{closure}()
#4 C:\xampp\htdocs\ip-project\system\Debug\Exceptions.php(138): CodeIgniter\Debug\Exceptions->render(Object(CodeIgniter\Database\Exceptions\DatabaseException), 500)
#5 [internal function]: CodeIgniter\Debug\Exceptions->exceptionHandler(Object(CodeIgniter\Database\Exceptions\DatabaseException))
#6 {main}
  thrown
in APPPATH\Views\errors\html\error_exception.php on line 96.
 1 [internal function]: CodeIgniter\Debug\Exceptions->shutdownHandler()
ERROR - 2022-08-26 12:29:30 --> Error connecting to the database: mysqli_sql_exception: Access denied for user ''@'localhost' (using password: NO) in C:\xampp\htdocs\ip-project\system\Database\MySQLi\Connection.php:171
Stack trace:
#0 C:\xampp\htdocs\ip-project\system\Database\MySQLi\Connection.php(171): mysqli->real_connect('localhost', '', '', 'db_pattern_proj...', 3306, '', 0)
#1 C:\xampp\htdocs\ip-project\system\Database\BaseConnection.php(382): CodeIgniter\Database\MySQLi\Connection->connect(false)
#2 C:\xampp\htdocs\ip-project\system\Database\BaseConnection.php(588): CodeIgniter\Database\BaseConnection->initialize()
#3 C:\xampp\htdocs\ip-project\system\Database\BaseBuilder.php(1585): CodeIgniter\Database\BaseConnection->query('SELECT *\nFROM `...', Array, false)
#4 C:\xampp\htdocs\ip-project\system\Model.php(222): CodeIgniter\Database\BaseBuilder->get()
#5 C:\xampp\htdocs\ip-project\system\BaseModel.php(584): CodeIgniter\Model->doFindAll(0, 0)
#6 C:\xampp\htdocs\ip-project\app\Controllers\Ips.php(20): CodeIgniter\BaseModel->findAll()
#7 C:\xampp\htdocs\ip-project\system\CodeIgniter.php(904): App\Controllers\Ips->getAllIp()
#8 C:\xampp\htdocs\ip-project\system\CodeIgniter.php(457): CodeIgniter\CodeIgniter->runController(Object(App\Controllers\Ips))
#9 C:\xampp\htdocs\ip-project\system\CodeIgniter.php(340): CodeIgniter\CodeIgniter->handleRequest(NULL, Object(Config\Cache), false)
#10 C:\xampp\htdocs\ip-project\public\index.php(67): CodeIgniter\CodeIgniter->run()
#11 C:\xampp\htdocs\ip-project\system\Commands\Server\rewrite.php(43): require_once('C:\\xampp\\htdocs...')
#12 {main}

Next CodeIgniter\Database\Exceptions\DatabaseException: Access denied for user ''@'localhost' (using password: NO) in C:\xampp\htdocs\ip-project\system\Database\MySQLi\Connection.php:215
Stack trace:
#0 C:\xampp\htdocs\ip-project\system\Database\BaseConnection.php(382): CodeIgniter\Database\MySQLi\Connection->connect(false)
#1 C:\xampp\htdocs\ip-project\system\Database\BaseConnection.php(588): CodeIgniter\Database\BaseConnection->initialize()
#2 C:\xampp\htdocs\ip-project\system\Database\BaseBuilder.php(1585): CodeIgniter\Database\BaseConnection->query('SELECT *\nFROM `...', Array, false)
#3 C:\xampp\htdocs\ip-project\system\Model.php(222): CodeIgniter\Database\BaseBuilder->get()
#4 C:\xampp\htdocs\ip-project\system\BaseModel.php(584): CodeIgniter\Model->doFindAll(0, 0)
#5 C:\xampp\htdocs\ip-project\app\Controllers\Ips.php(20): CodeIgniter\BaseModel->findAll()
#6 C:\xampp\htdocs\ip-project\system\CodeIgniter.php(904): App\Controllers\Ips->getAllIp()
#7 C:\xampp\htdocs\ip-project\system\CodeIgniter.php(457): CodeIgniter\CodeIgniter->runController(Object(App\Controllers\Ips))
#8 C:\xampp\htdocs\ip-project\system\CodeIgniter.php(340): CodeIgniter\CodeIgniter->handleRequest(NULL, Object(Config\Cache), false)
#9 C:\xampp\htdocs\ip-project\public\index.php(67): CodeIgniter\CodeIgniter->run()
#10 C:\xampp\htdocs\ip-project\system\Commands\Server\rewrite.php(43): require_once('C:\\xampp\\htdocs...')
#11 {main}
CRITICAL - 2022-08-26 12:29:31 --> Unable to connect to the database.
Main connection [MySQLi]: Access denied for user ''@'localhost' (using password: NO)
in SYSTEMPATH\Database\BaseConnection.php on line 418.
 1 SYSTEMPATH\Database\BaseConnection.php(588): CodeIgniter\Database\BaseConnection->initialize()
 2 SYSTEMPATH\Database\BaseBuilder.php(1585): CodeIgniter\Database\BaseConnection->query('SELECT *
FROM `Ip`', [], false)
 3 SYSTEMPATH\Model.php(222): CodeIgniter\Database\BaseBuilder->get()
 4 SYSTEMPATH\BaseModel.php(584): CodeIgniter\Model->doFindAll(0, 0)
 5 APPPATH\Controllers\Ips.php(20): CodeIgniter\BaseModel->findAll()
 6 SYSTEMPATH\CodeIgniter.php(904): App\Controllers\Ips->getAllIp()
 7 SYSTEMPATH\CodeIgniter.php(457): CodeIgniter\CodeIgniter->runController(Object(App\Controllers\Ips))
 8 SYSTEMPATH\CodeIgniter.php(340): CodeIgniter\CodeIgniter->handleRequest(null, Object(Config\Cache), false)
 9 FCPATH\index.php(67): CodeIgniter\CodeIgniter->run()
10 SYSTEMPATH\Commands\Server\rewrite.php(43): require_once('FCPATH\\index.php')
CRITICAL - 2022-08-26 12:29:31 --> Uncaught ErrorException: print_r(): Property access is not allowed yet in C:\xampp\htdocs\ip-project\app\Views\errors\html\error_exception.php:96
Stack trace:
#0 [internal function]: CodeIgniter\Debug\Exceptions->errorHandler(2, 'print_r(): Prop...', 'C:\\xampp\\htdocs...', 96, Array)
#1 C:\xampp\htdocs\ip-project\app\Views\errors\html\error_exception.php(96): print_r(Object(App\Controllers\Ips), true)
#2 C:\xampp\htdocs\ip-project\system\Debug\Exceptions.php(251): include('C:\\xampp\\htdocs...')
#3 C:\xampp\htdocs\ip-project\system\Debug\Exceptions.php(254): CodeIgniter\Debug\Exceptions->CodeIgniter\Debug\{closure}()
#4 C:\xampp\htdocs\ip-project\system\Debug\Exceptions.php(138): CodeIgniter\Debug\Exceptions->render(Object(CodeIgniter\Database\Exceptions\DatabaseException), 500)
#5 [internal function]: CodeIgniter\Debug\Exceptions->exceptionHandler(Object(CodeIgniter\Database\Exceptions\DatabaseException))
#6 {main}
  thrown
in APPPATH\Views\errors\html\error_exception.php on line 96.
 1 [internal function]: CodeIgniter\Debug\Exceptions->shutdownHandler()
ERROR - 2022-08-26 12:33:57 --> Error connecting to the database: mysqli_sql_exception: Access denied for user ''@'localhost' (using password: NO) in C:\xampp\htdocs\ip-project\system\Database\MySQLi\Connection.php:171
Stack trace:
#0 C:\xampp\htdocs\ip-project\system\Database\MySQLi\Connection.php(171): mysqli->real_connect('localhost', '', '', 'db_pattern_proj...', 3306, '', 0)
#1 C:\xampp\htdocs\ip-project\system\Database\BaseConnection.php(382): CodeIgniter\Database\MySQLi\Connection->connect(false)
#2 C:\xampp\htdocs\ip-project\system\Database\BaseConnection.php(588): CodeIgniter\Database\BaseConnection->initialize()
#3 C:\xampp\htdocs\ip-project\system\Database\BaseBuilder.php(1585): CodeIgniter\Database\BaseConnection->query('SELECT *\nFROM `...', Array, false)
#4 C:\xampp\htdocs\ip-project\system\Model.php(222): CodeIgniter\Database\BaseBuilder->get()
#5 C:\xampp\htdocs\ip-project\system\BaseModel.php(584): CodeIgniter\Model->doFindAll(0, 0)
#6 C:\xampp\htdocs\ip-project\app\Controllers\Ips.php(21): CodeIgniter\BaseModel->findAll()
#7 C:\xampp\htdocs\ip-project\system\CodeIgniter.php(904): App\Controllers\Ips->getAllIp()
#8 C:\xampp\htdocs\ip-project\system\CodeIgniter.php(457): CodeIgniter\CodeIgniter->runController(Object(App\Controllers\Ips))
#9 C:\xampp\htdocs\ip-project\system\CodeIgniter.php(340): CodeIgniter\CodeIgniter->handleRequest(NULL, Object(Config\Cache), false)
#10 C:\xampp\htdocs\ip-project\public\index.php(67): CodeIgniter\CodeIgniter->run()
#11 C:\xampp\htdocs\ip-project\system\Commands\Server\rewrite.php(43): require_once('C:\\xampp\\htdocs...')
#12 {main}

Next CodeIgniter\Database\Exceptions\DatabaseException: Access denied for user ''@'localhost' (using password: NO) in C:\xampp\htdocs\ip-project\system\Database\MySQLi\Connection.php:215
Stack trace:
#0 C:\xampp\htdocs\ip-project\system\Database\BaseConnection.php(382): CodeIgniter\Database\MySQLi\Connection->connect(false)
#1 C:\xampp\htdocs\ip-project\system\Database\BaseConnection.php(588): CodeIgniter\Database\BaseConnection->initialize()
#2 C:\xampp\htdocs\ip-project\system\Database\BaseBuilder.php(1585): CodeIgniter\Database\BaseConnection->query('SELECT *\nFROM `...', Array, false)
#3 C:\xampp\htdocs\ip-project\system\Model.php(222): CodeIgniter\Database\BaseBuilder->get()
#4 C:\xampp\htdocs\ip-project\system\BaseModel.php(584): CodeIgniter\Model->doFindAll(0, 0)
#5 C:\xampp\htdocs\ip-project\app\Controllers\Ips.php(21): CodeIgniter\BaseModel->findAll()
#6 C:\xampp\htdocs\ip-project\system\CodeIgniter.php(904): App\Controllers\Ips->getAllIp()
#7 C:\xampp\htdocs\ip-project\system\CodeIgniter.php(457): CodeIgniter\CodeIgniter->runController(Object(App\Controllers\Ips))
#8 C:\xampp\htdocs\ip-project\system\CodeIgniter.php(340): CodeIgniter\CodeIgniter->handleRequest(NULL, Object(Config\Cache), false)
#9 C:\xampp\htdocs\ip-project\public\index.php(67): CodeIgniter\CodeIgniter->run()
#10 C:\xampp\htdocs\ip-project\system\Commands\Server\rewrite.php(43): require_once('C:\\xampp\\htdocs...')
#11 {main}
CRITICAL - 2022-08-26 12:33:57 --> Unable to connect to the database.
Main connection [MySQLi]: Access denied for user ''@'localhost' (using password: NO)
in SYSTEMPATH\Database\BaseConnection.php on line 418.
 1 SYSTEMPATH\Database\BaseConnection.php(588): CodeIgniter\Database\BaseConnection->initialize()
 2 SYSTEMPATH\Database\BaseBuilder.php(1585): CodeIgniter\Database\BaseConnection->query('SELECT *
FROM `Ip`', [], false)
 3 SYSTEMPATH\Model.php(222): CodeIgniter\Database\BaseBuilder->get()
 4 SYSTEMPATH\BaseModel.php(584): CodeIgniter\Model->doFindAll(0, 0)
 5 APPPATH\Controllers\Ips.php(21): CodeIgniter\BaseModel->findAll()
 6 SYSTEMPATH\CodeIgniter.php(904): App\Controllers\Ips->getAllIp()
 7 SYSTEMPATH\CodeIgniter.php(457): CodeIgniter\CodeIgniter->runController(Object(App\Controllers\Ips))
 8 SYSTEMPATH\CodeIgniter.php(340): CodeIgniter\CodeIgniter->handleRequest(null, Object(Config\Cache), false)
 9 FCPATH\index.php(67): CodeIgniter\CodeIgniter->run()
10 SYSTEMPATH\Commands\Server\rewrite.php(43): require_once('FCPATH\\index.php')
ERROR - 2022-08-26 12:34:05 --> Error connecting to the database: mysqli_sql_exception: Access denied for user ''@'localhost' (using password: NO) in C:\xampp\htdocs\ip-project\system\Database\MySQLi\Connection.php:171
Stack trace:
#0 C:\xampp\htdocs\ip-project\system\Database\MySQLi\Connection.php(171): mysqli->real_connect('localhost', '', '', 'db_pattern_proj...', 3306, '', 0)
#1 C:\xampp\htdocs\ip-project\system\Database\BaseConnection.php(382): CodeIgniter\Database\MySQLi\Connection->connect(false)
#2 C:\xampp\htdocs\ip-project\system\Database\BaseConnection.php(588): CodeIgniter\Database\BaseConnection->initialize()
#3 C:\xampp\htdocs\ip-project\system\Database\BaseBuilder.php(1585): CodeIgniter\Database\BaseConnection->query('SELECT *\nFROM `...', Array, false)
#4 C:\xampp\htdocs\ip-project\system\Model.php(222): CodeIgniter\Database\BaseBuilder->get()
#5 C:\xampp\htdocs\ip-project\system\BaseModel.php(584): CodeIgniter\Model->doFindAll(0, 0)
#6 C:\xampp\htdocs\ip-project\app\Controllers\Ips.php(21): CodeIgniter\BaseModel->findAll()
#7 C:\xampp\htdocs\ip-project\system\CodeIgniter.php(904): App\Controllers\Ips->getAllIp()
#8 C:\xampp\htdocs\ip-project\system\CodeIgniter.php(457): CodeIgniter\CodeIgniter->runController(Object(App\Controllers\Ips))
#9 C:\xampp\htdocs\ip-project\system\CodeIgniter.php(340): CodeIgniter\CodeIgniter->handleRequest(NULL, Object(Config\Cache), false)
#10 C:\xampp\htdocs\ip-project\public\index.php(67): CodeIgniter\CodeIgniter->run()
#11 C:\xampp\htdocs\ip-project\system\Commands\Server\rewrite.php(43): require_once('C:\\xampp\\htdocs...')
#12 {main}

Next CodeIgniter\Database\Exceptions\DatabaseException: Access denied for user ''@'localhost' (using password: NO) in C:\xampp\htdocs\ip-project\system\Database\MySQLi\Connection.php:215
Stack trace:
#0 C:\xampp\htdocs\ip-project\system\Database\BaseConnection.php(382): CodeIgniter\Database\MySQLi\Connection->connect(false)
#1 C:\xampp\htdocs\ip-project\system\Database\BaseConnection.php(588): CodeIgniter\Database\BaseConnection->initialize()
#2 C:\xampp\htdocs\ip-project\system\Database\BaseBuilder.php(1585): CodeIgniter\Database\BaseConnection->query('SELECT *\nFROM `...', Array, false)
#3 C:\xampp\htdocs\ip-project\system\Model.php(222): CodeIgniter\Database\BaseBuilder->get()
#4 C:\xampp\htdocs\ip-project\system\BaseModel.php(584): CodeIgniter\Model->doFindAll(0, 0)
#5 C:\xampp\htdocs\ip-project\app\Controllers\Ips.php(21): CodeIgniter\BaseModel->findAll()
#6 C:\xampp\htdocs\ip-project\system\CodeIgniter.php(904): App\Controllers\Ips->getAllIp()
#7 C:\xampp\htdocs\ip-project\system\CodeIgniter.php(457): CodeIgniter\CodeIgniter->runController(Object(App\Controllers\Ips))
#8 C:\xampp\htdocs\ip-project\system\CodeIgniter.php(340): CodeIgniter\CodeIgniter->handleRequest(NULL, Object(Config\Cache), false)
#9 C:\xampp\htdocs\ip-project\public\index.php(67): CodeIgniter\CodeIgniter->run()
#10 C:\xampp\htdocs\ip-project\system\Commands\Server\rewrite.php(43): require_once('C:\\xampp\\htdocs...')
#11 {main}
CRITICAL - 2022-08-26 12:34:05 --> Unable to connect to the database.
Main connection [MySQLi]: Access denied for user ''@'localhost' (using password: NO)
in SYSTEMPATH\Database\BaseConnection.php on line 418.
 1 SYSTEMPATH\Database\BaseConnection.php(588): CodeIgniter\Database\BaseConnection->initialize()
 2 SYSTEMPATH\Database\BaseBuilder.php(1585): CodeIgniter\Database\BaseConnection->query('SELECT *
FROM `Ip`', [], false)
 3 SYSTEMPATH\Model.php(222): CodeIgniter\Database\BaseBuilder->get()
 4 SYSTEMPATH\BaseModel.php(584): CodeIgniter\Model->doFindAll(0, 0)
 5 APPPATH\Controllers\Ips.php(21): CodeIgniter\BaseModel->findAll()
 6 SYSTEMPATH\CodeIgniter.php(904): App\Controllers\Ips->getAllIp()
 7 SYSTEMPATH\CodeIgniter.php(457): CodeIgniter\CodeIgniter->runController(Object(App\Controllers\Ips))
 8 SYSTEMPATH\CodeIgniter.php(340): CodeIgniter\CodeIgniter->handleRequest(null, Object(Config\Cache), false)
 9 FCPATH\index.php(67): CodeIgniter\CodeIgniter->run()
10 SYSTEMPATH\Commands\Server\rewrite.php(43): require_once('FCPATH\\index.php')
CRITICAL - 2022-08-26 12:36:18 --> Undefined variable: ip
in APPPATH\Controllers\Ips.php on line 19.
 1 APPPATH\Controllers\Ips.php(19): CodeIgniter\Debug\Exceptions->errorHandler(8, 'Undefined variable: ip', 'APPPATH\\Controllers\\Ips.php', 19, [])
 2 SYSTEMPATH\CodeIgniter.php(904): App\Controllers\Ips->getAllIp()
 3 SYSTEMPATH\CodeIgniter.php(457): CodeIgniter\CodeIgniter->runController(Object(App\Controllers\Ips))
 4 SYSTEMPATH\CodeIgniter.php(340): CodeIgniter\CodeIgniter->handleRequest(null, Object(Config\Cache), false)
 5 FCPATH\index.php(67): CodeIgniter\CodeIgniter->run()
 6 SYSTEMPATH\Commands\Server\rewrite.php(43): require_once('FCPATH\\index.php')
CRITICAL - 2022-08-26 12:36:21 --> Undefined variable: ip
in APPPATH\Controllers\Ips.php on line 19.
 1 APPPATH\Controllers\Ips.php(19): CodeIgniter\Debug\Exceptions->errorHandler(8, 'Undefined variable: ip', 'APPPATH\\Controllers\\Ips.php', 19, [])
 2 SYSTEMPATH\CodeIgniter.php(904): App\Controllers\Ips->getAllIp()
 3 SYSTEMPATH\CodeIgniter.php(457): CodeIgniter\CodeIgniter->runController(Object(App\Controllers\Ips))
 4 SYSTEMPATH\CodeIgniter.php(340): CodeIgniter\CodeIgniter->handleRequest(null, Object(Config\Cache), false)
 5 FCPATH\index.php(67): CodeIgniter\CodeIgniter->run()
 6 SYSTEMPATH\Commands\Server\rewrite.php(43): require_once('FCPATH\\index.php')
CRITICAL - 2022-08-26 12:36:34 --> Undefined variable: ip
in APPPATH\Controllers\Ips.php on line 19.
 1 APPPATH\Controllers\Ips.php(19): CodeIgniter\Debug\Exceptions->errorHandler(8, 'Undefined variable: ip', 'APPPATH\\Controllers\\Ips.php', 19, [])
 2 SYSTEMPATH\CodeIgniter.php(904): App\Controllers\Ips->getAllIp()
 3 SYSTEMPATH\CodeIgniter.php(457): CodeIgniter\CodeIgniter->runController(Object(App\Controllers\Ips))
 4 SYSTEMPATH\CodeIgniter.php(340): CodeIgniter\CodeIgniter->handleRequest(null, Object(Config\Cache), false)
 5 FCPATH\index.php(67): CodeIgniter\CodeIgniter->run()
 6 SYSTEMPATH\Commands\Server\rewrite.php(43): require_once('FCPATH\\index.php')
CRITICAL - 2022-08-26 12:36:36 --> Undefined variable: ip
in APPPATH\Controllers\Ips.php on line 19.
 1 APPPATH\Controllers\Ips.php(19): CodeIgniter\Debug\Exceptions->errorHandler(8, 'Undefined variable: ip', 'APPPATH\\Controllers\\Ips.php', 19, [])
 2 SYSTEMPATH\CodeIgniter.php(904): App\Controllers\Ips->getAllIp()
 3 SYSTEMPATH\CodeIgniter.php(457): CodeIgniter\CodeIgniter->runController(Object(App\Controllers\Ips))
 4 SYSTEMPATH\CodeIgniter.php(340): CodeIgniter\CodeIgniter->handleRequest(null, Object(Config\Cache), false)
 5 FCPATH\index.php(67): CodeIgniter\CodeIgniter->run()
 6 SYSTEMPATH\Commands\Server\rewrite.php(43): require_once('FCPATH\\index.php')
CRITICAL - 2022-08-26 12:36:50 --> Undefined variable: ip
in APPPATH\Controllers\Ips.php on line 19.
 1 APPPATH\Controllers\Ips.php(19): CodeIgniter\Debug\Exceptions->errorHandler(8, 'Undefined variable: ip', 'APPPATH\\Controllers\\Ips.php', 19, [])
 2 SYSTEMPATH\CodeIgniter.php(904): App\Controllers\Ips->getAllIp()
 3 SYSTEMPATH\CodeIgniter.php(457): CodeIgniter\CodeIgniter->runController(Object(App\Controllers\Ips))
 4 SYSTEMPATH\CodeIgniter.php(340): CodeIgniter\CodeIgniter->handleRequest(null, Object(Config\Cache), false)
 5 FCPATH\index.php(67): CodeIgniter\CodeIgniter->run()
 6 SYSTEMPATH\Commands\Server\rewrite.php(43): require_once('FCPATH\\index.php')
CRITICAL - 2022-08-26 12:40:04 --> Undefined variable: ips
in APPPATH\Views\ip\ListIp.php on line 9.
 1 APPPATH\Views\ip\ListIp.php(9): CodeIgniter\Debug\Exceptions->errorHandler(8, 'Undefined variable: ips', 'APPPATH\\Views\\ip\\ListIp.php', 9, [])
 2 SYSTEMPATH\View\View.php(213): include('APPPATH\\Views\\ip\\ListIp.php')
 3 SYSTEMPATH\View\View.php(216): CodeIgniter\View\View->CodeIgniter\View\{closure}()
 4 SYSTEMPATH\Common.php(1137): CodeIgniter\View\View->render('ip/ListIp', [], true)
 5 APPPATH\Controllers\Home.php(9): view('ip/ListIp')
 6 SYSTEMPATH\CodeIgniter.php(904): App\Controllers\Home->index()
 7 SYSTEMPATH\CodeIgniter.php(457): CodeIgniter\CodeIgniter->runController(Object(App\Controllers\Home))
 8 SYSTEMPATH\CodeIgniter.php(340): CodeIgniter\CodeIgniter->handleRequest(null, Object(Config\Cache), false)
 9 FCPATH\index.php(67): CodeIgniter\CodeIgniter->run()
10 SYSTEMPATH\Commands\Server\rewrite.php(43): require_once('FCPATH\\index.php')
CRITICAL - 2022-08-26 12:40:08 --> Undefined variable: ip
in APPPATH\Views\ip\ListIp.php on line 9.
 1 APPPATH\Views\ip\ListIp.php(9): CodeIgniter\Debug\Exceptions->errorHandler(8, 'Undefined variable: ip', 'APPPATH\\Views\\ip\\ListIp.php', 9, [])
 2 SYSTEMPATH\View\View.php(213): include('APPPATH\\Views\\ip\\ListIp.php')
 3 SYSTEMPATH\View\View.php(216): CodeIgniter\View\View->CodeIgniter\View\{closure}()
 4 SYSTEMPATH\Common.php(1137): CodeIgniter\View\View->render('ip/ListIp', [], true)
 5 APPPATH\Controllers\Home.php(9): view('ip/ListIp')
 6 SYSTEMPATH\CodeIgniter.php(904): App\Controllers\Home->index()
 7 SYSTEMPATH\CodeIgniter.php(457): CodeIgniter\CodeIgniter->runController(Object(App\Controllers\Home))
 8 SYSTEMPATH\CodeIgniter.php(340): CodeIgniter\CodeIgniter->handleRequest(null, Object(Config\Cache), false)
 9 FCPATH\index.php(67): CodeIgniter\CodeIgniter->run()
10 SYSTEMPATH\Commands\Server\rewrite.php(43): require_once('FCPATH\\index.php')
CRITICAL - 2022-08-26 12:41:15 --> Undefined variable: ips
in APPPATH\Views\ip\ListIp.php on line 9.
 1 APPPATH\Views\ip\ListIp.php(9): CodeIgniter\Debug\Exceptions->errorHandler(8, 'Undefined variable: ips', 'APPPATH\\Views\\ip\\ListIp.php', 9, [])
 2 SYSTEMPATH\View\View.php(213): include('APPPATH\\Views\\ip\\ListIp.php')
 3 SYSTEMPATH\View\View.php(216): CodeIgniter\View\View->CodeIgniter\View\{closure}()
 4 SYSTEMPATH\Common.php(1137): CodeIgniter\View\View->render('ip/ListIp', [], true)
 5 APPPATH\Controllers\Home.php(9): view('ip/ListIp')
 6 SYSTEMPATH\CodeIgniter.php(904): App\Controllers\Home->index()
 7 SYSTEMPATH\CodeIgniter.php(457): CodeIgniter\CodeIgniter->runController(Object(App\Controllers\Home))
 8 SYSTEMPATH\CodeIgniter.php(340): CodeIgniter\CodeIgniter->handleRequest(null, Object(Config\Cache), false)
 9 FCPATH\index.php(67): CodeIgniter\CodeIgniter->run()
10 SYSTEMPATH\Commands\Server\rewrite.php(43): require_once('FCPATH\\index.php')
CRITICAL - 2022-08-26 12:41:30 --> Undefined variable: ips
in APPPATH\Views\ip\ListIp.php on line 9.
 1 APPPATH\Views\ip\ListIp.php(9): CodeIgniter\Debug\Exceptions->errorHandler(8, 'Undefined variable: ips', 'APPPATH\\Views\\ip\\ListIp.php', 9, [])
 2 SYSTEMPATH\View\View.php(213): include('APPPATH\\Views\\ip\\ListIp.php')
 3 SYSTEMPATH\View\View.php(216): CodeIgniter\View\View->CodeIgniter\View\{closure}()
 4 SYSTEMPATH\Common.php(1137): CodeIgniter\View\View->render('ip/ListIp', [], true)
 5 APPPATH\Controllers\Home.php(9): view('ip/ListIp')
 6 SYSTEMPATH\CodeIgniter.php(904): App\Controllers\Home->index()
 7 SYSTEMPATH\CodeIgniter.php(457): CodeIgniter\CodeIgniter->runController(Object(App\Controllers\Home))
 8 SYSTEMPATH\CodeIgniter.php(340): CodeIgniter\CodeIgniter->handleRequest(null, Object(Config\Cache), false)
 9 FCPATH\index.php(67): CodeIgniter\CodeIgniter->run()
10 SYSTEMPATH\Commands\Server\rewrite.php(43): require_once('FCPATH\\index.php')
CRITICAL - 2022-08-26 12:41:38 --> Undefined variable: ips
in APPPATH\Views\ip\ListIp.php on line 9.
 1 APPPATH\Views\ip\ListIp.php(9): CodeIgniter\Debug\Exceptions->errorHandler(8, 'Undefined variable: ips', 'APPPATH\\Views\\ip\\ListIp.php', 9, [])
 2 SYSTEMPATH\View\View.php(213): include('APPPATH\\Views\\ip\\ListIp.php')
 3 SYSTEMPATH\View\View.php(216): CodeIgniter\View\View->CodeIgniter\View\{closure}()
 4 SYSTEMPATH\Common.php(1137): CodeIgniter\View\View->render('ip/ListIp', [], true)
 5 APPPATH\Controllers\Home.php(9): view('ip/ListIp')
 6 SYSTEMPATH\CodeIgniter.php(904): App\Controllers\Home->index()
 7 SYSTEMPATH\CodeIgniter.php(457): CodeIgniter\CodeIgniter->runController(Object(App\Controllers\Home))
 8 SYSTEMPATH\CodeIgniter.php(340): CodeIgniter\CodeIgniter->handleRequest(null, Object(Config\Cache), false)
 9 FCPATH\index.php(67): CodeIgniter\CodeIgniter->run()
10 SYSTEMPATH\Commands\Server\rewrite.php(43): require_once('FCPATH\\index.php')
CRITICAL - 2022-08-26 12:41:47 --> Undefined variable: ips
in APPPATH\Views\ip\ListIp.php on line 9.
 1 APPPATH\Views\ip\ListIp.php(9): CodeIgniter\Debug\Exceptions->errorHandler(8, 'Undefined variable: ips', 'APPPATH\\Views\\ip\\ListIp.php', 9, [])
 2 SYSTEMPATH\View\View.php(213): include('APPPATH\\Views\\ip\\ListIp.php')
 3 SYSTEMPATH\View\View.php(216): CodeIgniter\View\View->CodeIgniter\View\{closure}()
 4 SYSTEMPATH\Common.php(1137): CodeIgniter\View\View->render('ip/ListIp', [], true)
 5 APPPATH\Controllers\Home.php(9): view('ip/ListIp')
 6 SYSTEMPATH\CodeIgniter.php(904): App\Controllers\Home->index()
 7 SYSTEMPATH\CodeIgniter.php(457): CodeIgniter\CodeIgniter->runController(Object(App\Controllers\Home))
 8 SYSTEMPATH\CodeIgniter.php(340): CodeIgniter\CodeIgniter->handleRequest(null, Object(Config\Cache), false)
 9 FCPATH\index.php(67): CodeIgniter\CodeIgniter->run()
10 SYSTEMPATH\Commands\Server\rewrite.php(43): require_once('FCPATH\\index.php')
CRITICAL - 2022-08-26 12:42:06 --> Class 'App\Controllers\Controller' not found
in APPPATH\Controllers\Home.php on line 5.
 1 SYSTEMPATH\Autoloader\Autoloader.php(282): include_once()
 2 SYSTEMPATH\Autoloader\Autoloader.php(259): CodeIgniter\Autoloader\Autoloader->includeFile('APPPATH\\Controllers\\Home.php')
 3 SYSTEMPATH\Autoloader\Autoloader.php(237): CodeIgniter\Autoloader\Autoloader->loadInNamespace('App\\Controllers\\Home')
 4 [internal function]: CodeIgniter\Autoloader\Autoloader->loadClass('App\\Controllers\\Home')
 5 [internal function]: spl_autoload_call('App\\Controllers\\Home')
 6 SYSTEMPATH\CodeIgniter.php(854): class_exists('\\App\\Controllers\\Home', true)
 7 SYSTEMPATH\CodeIgniter.php(444): CodeIgniter\CodeIgniter->startController()
 8 SYSTEMPATH\CodeIgniter.php(340): CodeIgniter\CodeIgniter->handleRequest(null, Object(Config\Cache), false)
 9 FCPATH\index.php(67): CodeIgniter\CodeIgniter->run()
10 SYSTEMPATH\Commands\Server\rewrite.php(43): require_once('FCPATH\\index.php')
CRITICAL - 2022-08-26 12:42:49 --> Undefined variable: ips
in APPPATH\Views\ip\ListIp.php on line 9.
 1 APPPATH\Views\ip\ListIp.php(9): CodeIgniter\Debug\Exceptions->errorHandler(8, 'Undefined variable: ips', 'APPPATH\\Views\\ip\\ListIp.php', 9, [])
 2 SYSTEMPATH\View\View.php(213): include('APPPATH\\Views\\ip\\ListIp.php')
 3 SYSTEMPATH\View\View.php(216): CodeIgniter\View\View->CodeIgniter\View\{closure}()
 4 SYSTEMPATH\Common.php(1137): CodeIgniter\View\View->render('ip/ListIp', [], true)
 5 APPPATH\Controllers\Home.php(9): view('ip/ListIp')
 6 SYSTEMPATH\CodeIgniter.php(904): App\Controllers\Home->index()
 7 SYSTEMPATH\CodeIgniter.php(457): CodeIgniter\CodeIgniter->runController(Object(App\Controllers\Home))
 8 SYSTEMPATH\CodeIgniter.php(340): CodeIgniter\CodeIgniter->handleRequest(null, Object(Config\Cache), false)
 9 FCPATH\index.php(67): CodeIgniter\CodeIgniter->run()
10 SYSTEMPATH\Commands\Server\rewrite.php(43): require_once('FCPATH\\index.php')
CRITICAL - 2022-08-26 12:42:57 --> Undefined variable: ips
in APPPATH\Views\ip\ListIp.php on line 9.
 1 APPPATH\Views\ip\ListIp.php(9): CodeIgniter\Debug\Exceptions->errorHandler(8, 'Undefined variable: ips', 'APPPATH\\Views\\ip\\ListIp.php', 9, [])
 2 SYSTEMPATH\View\View.php(213): include('APPPATH\\Views\\ip\\ListIp.php')
 3 SYSTEMPATH\View\View.php(216): CodeIgniter\View\View->CodeIgniter\View\{closure}()
 4 SYSTEMPATH\Common.php(1137): CodeIgniter\View\View->render('ip/ListIp', [], true)
 5 APPPATH\Controllers\Home.php(9): view('ip/ListIp')
 6 SYSTEMPATH\CodeIgniter.php(904): App\Controllers\Home->index()
 7 SYSTEMPATH\CodeIgniter.php(457): CodeIgniter\CodeIgniter->runController(Object(App\Controllers\Home))
 8 SYSTEMPATH\CodeIgniter.php(340): CodeIgniter\CodeIgniter->handleRequest(null, Object(Config\Cache), false)
 9 FCPATH\index.php(67): CodeIgniter\CodeIgniter->run()
10 SYSTEMPATH\Commands\Server\rewrite.php(43): require_once('FCPATH\\index.php')
CRITICAL - 2022-08-26 12:46:39 --> Undefined variable: ips
in APPPATH\Views\ip\ListIp.php on line 9.
 1 APPPATH\Views\ip\ListIp.php(9): CodeIgniter\Debug\Exceptions->errorHandler(8, 'Undefined variable: ips', 'APPPATH\\Views\\ip\\ListIp.php', 9, [])
 2 SYSTEMPATH\View\View.php(213): include('APPPATH\\Views\\ip\\ListIp.php')
 3 SYSTEMPATH\View\View.php(216): CodeIgniter\View\View->CodeIgniter\View\{closure}()
 4 SYSTEMPATH\Common.php(1137): CodeIgniter\View\View->render('ip/ListIp', [], true)
 5 APPPATH\Controllers\Home.php(9): view('ip/ListIp')
 6 SYSTEMPATH\CodeIgniter.php(904): App\Controllers\Home->index()
 7 SYSTEMPATH\CodeIgniter.php(457): CodeIgniter\CodeIgniter->runController(Object(App\Controllers\Home))
 8 SYSTEMPATH\CodeIgniter.php(340): CodeIgniter\CodeIgniter->handleRequest(null, Object(Config\Cache), false)
 9 FCPATH\index.php(67): CodeIgniter\CodeIgniter->run()
10 SYSTEMPATH\Commands\Server\rewrite.php(43): require_once('FCPATH\\index.php')
CRITICAL - 2022-08-26 12:49:36 --> Undefined variable: ips
in APPPATH\Views\ip\ListIp.php on line 9.
 1 APPPATH\Views\ip\ListIp.php(9): CodeIgniter\Debug\Exceptions->errorHandler(8, 'Undefined variable: ips', 'APPPATH\\Views\\ip\\ListIp.php', 9, [])
 2 SYSTEMPATH\View\View.php(213): include('APPPATH\\Views\\ip\\ListIp.php')
 3 SYSTEMPATH\View\View.php(216): CodeIgniter\View\View->CodeIgniter\View\{closure}()
 4 SYSTEMPATH\Common.php(1137): CodeIgniter\View\View->render('ip/ListIp', [], true)
 5 APPPATH\Controllers\Ips.php(18): view('ip/ListIp')
 6 SYSTEMPATH\CodeIgniter.php(904): App\Controllers\Ips->index()
 7 SYSTEMPATH\CodeIgniter.php(457): CodeIgniter\CodeIgniter->runController(Object(App\Controllers\Ips))
 8 SYSTEMPATH\CodeIgniter.php(340): CodeIgniter\CodeIgniter->handleRequest(null, Object(Config\Cache), false)
 9 FCPATH\index.php(67): CodeIgniter\CodeIgniter->run()
10 SYSTEMPATH\Commands\Server\rewrite.php(43): require_once('FCPATH\\index.php')
CRITICAL - 2022-08-26 12:49:59 --> Call to undefined function App\Controllers\getAll()
in APPPATH\Controllers\Ips.php on line 18.
 1 SYSTEMPATH\CodeIgniter.php(904): App\Controllers\Ips->index()
 2 SYSTEMPATH\CodeIgniter.php(457): CodeIgniter\CodeIgniter->runController(Object(App\Controllers\Ips))
 3 SYSTEMPATH\CodeIgniter.php(340): CodeIgniter\CodeIgniter->handleRequest(null, Object(Config\Cache), false)
 4 FCPATH\index.php(67): CodeIgniter\CodeIgniter->run()
 5 SYSTEMPATH\Commands\Server\rewrite.php(43): require_once('FCPATH\\index.php')
CRITICAL - 2022-08-26 12:50:07 --> Call to undefined method App\Controllers\Ips::getAll()
in APPPATH\Controllers\Ips.php on line 18.
 1 SYSTEMPATH\CodeIgniter.php(904): App\Controllers\Ips->index()
 2 SYSTEMPATH\CodeIgniter.php(457): CodeIgniter\CodeIgniter->runController(Object(App\Controllers\Ips))
 3 SYSTEMPATH\CodeIgniter.php(340): CodeIgniter\CodeIgniter->handleRequest(null, Object(Config\Cache), false)
 4 FCPATH\index.php(67): CodeIgniter\CodeIgniter->run()
 5 SYSTEMPATH\Commands\Server\rewrite.php(43): require_once('FCPATH\\index.php')
CRITICAL - 2022-08-26 12:52:56 --> Call to undefined function App\Controllers\getAllIp()
in APPPATH\Controllers\Ips.php on line 19.
 1 SYSTEMPATH\CodeIgniter.php(904): App\Controllers\Ips->index()
 2 SYSTEMPATH\CodeIgniter.php(457): CodeIgniter\CodeIgniter->runController(Object(App\Controllers\Ips))
 3 SYSTEMPATH\CodeIgniter.php(340): CodeIgniter\CodeIgniter->handleRequest(null, Object(Config\Cache), false)
 4 FCPATH\index.php(67): CodeIgniter\CodeIgniter->run()
 5 SYSTEMPATH\Commands\Server\rewrite.php(43): require_once('FCPATH\\index.php')
CRITICAL - 2022-08-26 12:54:29 --> Array to string conversion
in APPPATH\Views\ip\ListIp.php on line 11.
 1 APPPATH\Views\ip\ListIp.php(11): CodeIgniter\Debug\Exceptions->errorHandler(8, 'Array to string conversion', 'APPPATH\\Views\\ip\\ListIp.php', 11, [...])
 2 SYSTEMPATH\View\View.php(213): include('APPPATH\\Views\\ip\\ListIp.php')
 3 SYSTEMPATH\View\View.php(216): CodeIgniter\View\View->CodeIgniter\View\{closure}()
 4 SYSTEMPATH\Common.php(1137): CodeIgniter\View\View->render('ip/ListIp', [], true)
 5 APPPATH\Controllers\Ips.php(18): view('ip/ListIp', [...])
 6 SYSTEMPATH\CodeIgniter.php(904): App\Controllers\Ips->index()
 7 SYSTEMPATH\CodeIgniter.php(457): CodeIgniter\CodeIgniter->runController(Object(App\Controllers\Ips))
 8 SYSTEMPATH\CodeIgniter.php(340): CodeIgniter\CodeIgniter->handleRequest(null, Object(Config\Cache), false)
 9 FCPATH\index.php(67): CodeIgniter\CodeIgniter->run()
10 SYSTEMPATH\Commands\Server\rewrite.php(43): require_once('FCPATH\\index.php')
