CRITICAL - 2022-09-01 11:43:41 --> Class "CodeIgniter\Cache\CacheFactory" not found
in SYSTEMPATH\Config\Services.php on line 113.
 1 SYSTEMPATH\Config\BaseService.php(253): CodeIgniter\Config\Services::cache(Object(Config\Cache), false)
 2 SYSTEMPATH\Config\BaseService.php(194): CodeIgniter\Config\BaseService::__callStatic('cache', [...])
 3 SYSTEMPATH\Config\Services.php(108): CodeIgniter\Config\BaseService::getSharedInstance('cache', null)
 4 SYSTEMPATH\Config\BaseService.php(253): CodeIgniter\Config\Services::cache()
 5 SYSTEMPATH\Common.php(68): CodeIgniter\Config\BaseService::__callStatic('cache', [])
 6 SYSTEMPATH\CodeIgniter.php(658): cache()
 7 SYSTEMPATH\CodeIgniter.php(322): CodeIgniter\CodeIgniter->displayCache(Object(Config\Cache))
 8 SYSTEMPATH\CLI\Console.php(48): CodeIgniter\CodeIgniter->run()
 9 ROOTPATH\spark(98): CodeIgniter\CLI\Console->run()
CRITICAL - 2022-09-01 12:13:04 --> Invalid body indentation level (expecting an indentation level of at least 8)
in SYSTEMPATH\Commands\Database\ShowTableInfo.php on line 53.
 1 SYSTEMPATH\Autoloader\Autoloader.php(259): CodeIgniter\Autoloader\Autoloader->includeFile('SYSTEMPATH\\Commands\\Database\\ShowTableInfo.php')
 2 SYSTEMPATH\Autoloader\Autoloader.php(237): CodeIgniter\Autoloader\Autoloader->loadInNamespace('CodeIgniter\\Commands\\Database\\ShowTableInfo')
 3 [internal function]: CodeIgniter\Autoloader\Autoloader->loadClass('CodeIgniter\\Commands\\Database\\ShowTableInfo')
 4 [internal function]: spl_autoload_call('CodeIgniter\\Commands\\Database\\ShowTableInfo')
 5 SYSTEMPATH\CLI\Commands.php(101): class_exists('CodeIgniter\\Commands\\Database\\ShowTableInfo')
 6 SYSTEMPATH\CLI\Commands.php(46): CodeIgniter\CLI\Commands->discoverCommands()
 7 SYSTEMPATH\Config\Services.php(162): CodeIgniter\CLI\Commands->__construct()
 8 SYSTEMPATH\Config\BaseService.php(253): CodeIgniter\Config\Services::commands(false)
 9 SYSTEMPATH\Config\BaseService.php(194): CodeIgniter\Config\BaseService::__callStatic('commands', [...])
10 SYSTEMPATH\Config\Services.php(159): CodeIgniter\Config\BaseService::getSharedInstance('commands')
11 SYSTEMPATH\Config\BaseService.php(253): CodeIgniter\Config\Services::commands()
12 SYSTEMPATH\CLI\CommandRunner.php(35): CodeIgniter\Config\BaseService::__callStatic('commands', [])
13 SYSTEMPATH\CodeIgniter.php(866): CodeIgniter\CLI\CommandRunner->__construct()
14 SYSTEMPATH\CodeIgniter.php(448): CodeIgniter\CodeIgniter->createController()
15 SYSTEMPATH\CodeIgniter.php(336): CodeIgniter\CodeIgniter->handleRequest(null, Object(Config\Cache), false)
16 SYSTEMPATH\CLI\Console.php(48): CodeIgniter\CodeIgniter->run()
17 ROOTPATH\spark(98): CodeIgniter\CLI\Console->run()
CRITICAL - 2022-09-01 12:13:41 --> Invalid body indentation level (expecting an indentation level of at least 8)
in SYSTEMPATH\Commands\Database\ShowTableInfo.php on line 53.
 1 SYSTEMPATH\Autoloader\Autoloader.php(259): CodeIgniter\Autoloader\Autoloader->includeFile('SYSTEMPATH\\Commands\\Database\\ShowTableInfo.php')
 2 SYSTEMPATH\Autoloader\Autoloader.php(237): CodeIgniter\Autoloader\Autoloader->loadInNamespace('CodeIgniter\\Commands\\Database\\ShowTableInfo')
 3 [internal function]: CodeIgniter\Autoloader\Autoloader->loadClass('CodeIgniter\\Commands\\Database\\ShowTableInfo')
 4 [internal function]: spl_autoload_call('CodeIgniter\\Commands\\Database\\ShowTableInfo')
 5 SYSTEMPATH\CLI\Commands.php(101): class_exists('CodeIgniter\\Commands\\Database\\ShowTableInfo')
 6 SYSTEMPATH\CLI\Commands.php(46): CodeIgniter\CLI\Commands->discoverCommands()
 7 SYSTEMPATH\Config\Services.php(162): CodeIgniter\CLI\Commands->__construct()
 8 SYSTEMPATH\Config\BaseService.php(253): CodeIgniter\Config\Services::commands(false)
 9 SYSTEMPATH\Config\BaseService.php(194): CodeIgniter\Config\BaseService::__callStatic('commands', [...])
10 SYSTEMPATH\Config\Services.php(159): CodeIgniter\Config\BaseService::getSharedInstance('commands')
11 SYSTEMPATH\Config\BaseService.php(253): CodeIgniter\Config\Services::commands()
12 SYSTEMPATH\CLI\CommandRunner.php(35): CodeIgniter\Config\BaseService::__callStatic('commands', [])
13 SYSTEMPATH\CodeIgniter.php(866): CodeIgniter\CLI\CommandRunner->__construct()
14 SYSTEMPATH\CodeIgniter.php(448): CodeIgniter\CodeIgniter->createController()
15 SYSTEMPATH\CodeIgniter.php(336): CodeIgniter\CodeIgniter->handleRequest(null, Object(Config\Cache), false)
16 SYSTEMPATH\CLI\Console.php(48): CodeIgniter\CodeIgniter->run()
17 ROOTPATH\spark(98): CodeIgniter\CLI\Console->run()
CRITICAL - 2022-09-01 12:50:52 --> Invalid body indentation level (expecting an indentation level of at least 8)
in SYSTEMPATH\Commands\Database\ShowTableInfo.php on line 53.
 1 SYSTEMPATH\Autoloader\Autoloader.php(259): CodeIgniter\Autoloader\Autoloader->includeFile('SYSTEMPATH\\Commands\\Database\\ShowTableInfo.php')
 2 SYSTEMPATH\Autoloader\Autoloader.php(237): CodeIgniter\Autoloader\Autoloader->loadInNamespace('CodeIgniter\\Commands\\Database\\ShowTableInfo')
 3 [internal function]: CodeIgniter\Autoloader\Autoloader->loadClass('CodeIgniter\\Commands\\Database\\ShowTableInfo')
 4 [internal function]: spl_autoload_call('CodeIgniter\\Commands\\Database\\ShowTableInfo')
 5 SYSTEMPATH\CLI\Commands.php(101): class_exists('CodeIgniter\\Commands\\Database\\ShowTableInfo')
 6 SYSTEMPATH\CLI\Commands.php(46): CodeIgniter\CLI\Commands->discoverCommands()
 7 SYSTEMPATH\Config\Services.php(162): CodeIgniter\CLI\Commands->__construct()
 8 SYSTEMPATH\Config\BaseService.php(253): CodeIgniter\Config\Services::commands(false)
 9 SYSTEMPATH\Config\BaseService.php(194): CodeIgniter\Config\BaseService::__callStatic('commands', [...])
10 SYSTEMPATH\Config\Services.php(159): CodeIgniter\Config\BaseService::getSharedInstance('commands')
11 SYSTEMPATH\Config\BaseService.php(253): CodeIgniter\Config\Services::commands()
12 SYSTEMPATH\CLI\CommandRunner.php(35): CodeIgniter\Config\BaseService::__callStatic('commands', [])
13 SYSTEMPATH\CodeIgniter.php(866): CodeIgniter\CLI\CommandRunner->__construct()
14 SYSTEMPATH\CodeIgniter.php(448): CodeIgniter\CodeIgniter->createController()
15 SYSTEMPATH\CodeIgniter.php(336): CodeIgniter\CodeIgniter->handleRequest(null, Object(Config\Cache), false)
16 SYSTEMPATH\CLI\Console.php(48): CodeIgniter\CodeIgniter->run()
17 ROOTPATH\spark(98): CodeIgniter\CLI\Console->run()
